<?xml version="1.0" encoding="UTF-8"?>
<!-- Generated by org.testng.reporters.JUnitReportReporter -->
<testsuite skipped="0" hostname="PRINHYLTPHP0981" name="com.test.SampleTest" tests="8" failures="0" timestamp="10 Jan 2020 06:20:38 GMT" time="46.813" errors="0">
  <testcase name="swapButton" time="6.179" classname="com.test.SampleTest"/>
  <testcase name="pageTitle" time="8.215" classname="com.test.SampleTest"/>
  <testcase name="addSecondCity" time="4.380" classname="com.test.SampleTest"/>
  <testcase name="modifyDate" time="9.041" classname="com.test.SampleTest"/>
  <testcase name="permanantLink" time="4.738" classname="com.test.SampleTest"/>
  <testcase name="deleteTimeZone" time="5.953" classname="com.test.SampleTest"/>
  <testcase name="addFirstCity" time="4.175" classname="com.test.SampleTest"/>
  <testcase name="timeDifference" time="4.132" classname="com.test.SampleTest"/>
</testsuite> <!-- com.test.SampleTest -->
