<?xml version="1.0" encoding="UTF-8"?>
<!-- Generated by org.testng.reporters.JUnitReportReporter -->
<testsuite skipped="0" hostname="PRINHYLTPHP0981" name="com.test1.LocaleTimeTest" tests="1" failures="0" timestamp="10 Jan 2020 06:20:38 GMT" time="3.599" errors="0">
  <testcase name="gettingLocalTime" time="3.599" classname="com.test1.LocaleTimeTest"/>
</testsuite> <!-- com.test1.LocaleTimeTest -->
