<?xml version="1.0" encoding="UTF-8"?>
<!-- Generated by org.testng.reporters.JUnitReportReporter -->
<testsuite skipped="0" hostname="PRINHYLTPHP0981" name="com.test1.LocaleTimeTest" tests="1" failures="0" timestamp="09 Jan 2020 18:35:32 GMT" time="2.795" errors="0">
  <testcase name="gettingLocalTime" time="2.795" classname="com.test1.LocaleTimeTest"/>
</testsuite> <!-- com.test1.LocaleTimeTest -->
