<?xml version="1.0" encoding="UTF-8"?>
<!-- Generated by org.testng.reporters.JUnitReportReporter -->
<testsuite skipped="0" hostname="PRINHYLTPHP0981" name="com.test.SampleTest" tests="8" failures="0" timestamp="09 Jan 2020 18:35:32 GMT" time="42.681" errors="0">
  <testcase name="pageTitle" time="4.198" classname="com.test.SampleTest"/>
  <testcase name="permanantLink" time="5.011" classname="com.test.SampleTest"/>
  <testcase name="deleteTimeZone" time="5.303" classname="com.test.SampleTest"/>
  <testcase name="timeDifference" time="4.123" classname="com.test.SampleTest"/>
  <testcase name="addSecondCity" time="4.111" classname="com.test.SampleTest"/>
  <testcase name="swapButton" time="5.880" classname="com.test.SampleTest"/>
  <testcase name="addFirstCity" time="4.395" classname="com.test.SampleTest"/>
  <testcase name="modifyDate" time="9.660" classname="com.test.SampleTest"/>
</testsuite> <!-- com.test.SampleTest -->
